[10-Aug-2025 13:41:18 UTC] Error in save-project.php: Failed to upload file for work order: thumbnail.png
[19-Aug-2025 05:16:20 UTC] Error in save-project.php: Column count doesn't match value count at row 1
[19-Aug-2025 05:26:15 UTC] Error in save-project.php: Column count doesn't match value count at row 1
[19-Aug-2025 05:27:53 UTC] Error in save-project.php: Failed to upload file for work order: Bullish EMA.png
[19-Aug-2025 06:09:28 UTC] PHP Warning:  Undefined array key "project_name" in C:\wamp64\www\CORE-MBOCW-CESS\dashboard\save-project.php on line 14
[19-Aug-2025 06:09:28 UTC] PHP Stack trace:
[19-Aug-2025 06:09:28 UTC] PHP   1. {main}() C:\wamp64\www\CORE-MBOCW-CESS\dashboard\save-project.php:0
[19-Aug-2025 06:09:28 UTC] PHP Warning:  Undefined array key "category_id" in C:\wamp64\www\CORE-MBOCW-CESS\dashboard\save-project.php on line 16
[19-Aug-2025 06:09:28 UTC] PHP Stack trace:
[19-Aug-2025 06:09:28 UTC] PHP   1. {main}() C:\wamp64\www\CORE-MBOCW-CESS\dashboard\save-project.php:0
[19-Aug-2025 06:09:28 UTC] PHP Warning:  Undefined array key "type_id" in C:\wamp64\www\CORE-MBOCW-CESS\dashboard\save-project.php on line 17
[19-Aug-2025 06:09:28 UTC] PHP Stack trace:
[19-Aug-2025 06:09:28 UTC] PHP   1. {main}() C:\wamp64\www\CORE-MBOCW-CESS\dashboard\save-project.php:0
[19-Aug-2025 06:09:28 UTC] PHP Warning:  Undefined array key "local_authority_id" in C:\wamp64\www\CORE-MBOCW-CESS\dashboard\save-project.php on line 18
[19-Aug-2025 06:09:28 UTC] PHP Stack trace:
[19-Aug-2025 06:09:28 UTC] PHP   1. {main}() C:\wamp64\www\CORE-MBOCW-CESS\dashboard\save-project.php:0
[19-Aug-2025 06:09:28 UTC] PHP Warning:  Undefined array key "construction_cost" in C:\wamp64\www\CORE-MBOCW-CESS\dashboard\save-project.php on line 19
[19-Aug-2025 06:09:28 UTC] PHP Stack trace:
[19-Aug-2025 06:09:28 UTC] PHP   1. {main}() C:\wamp64\www\CORE-MBOCW-CESS\dashboard\save-project.php:0
[19-Aug-2025 06:09:28 UTC] PHP Warning:  Undefined array key "project_start_date" in C:\wamp64\www\CORE-MBOCW-CESS\dashboard\save-project.php on line 20
[19-Aug-2025 06:09:28 UTC] PHP Stack trace:
[19-Aug-2025 06:09:28 UTC] PHP   1. {main}() C:\wamp64\www\CORE-MBOCW-CESS\dashboard\save-project.php:0
[19-Aug-2025 06:09:28 UTC] PHP Warning:  Undefined array key "project_end_date" in C:\wamp64\www\CORE-MBOCW-CESS\dashboard\save-project.php on line 21
[19-Aug-2025 06:09:28 UTC] PHP Stack trace:
[19-Aug-2025 06:09:28 UTC] PHP   1. {main}() C:\wamp64\www\CORE-MBOCW-CESS\dashboard\save-project.php:0
[19-Aug-2025 06:09:28 UTC] PHP Warning:  Undefined array key "cess_amount" in C:\wamp64\www\CORE-MBOCW-CESS\dashboard\save-project.php on line 22
[19-Aug-2025 06:09:28 UTC] PHP Stack trace:
[19-Aug-2025 06:09:28 UTC] PHP   1. {main}() C:\wamp64\www\CORE-MBOCW-CESS\dashboard\save-project.php:0
[19-Aug-2025 06:09:28 UTC] PHP Warning:  Undefined array key "pin_code" in C:\wamp64\www\CORE-MBOCW-CESS\dashboard\save-project.php on line 27
[19-Aug-2025 06:09:28 UTC] PHP Stack trace:
[19-Aug-2025 06:09:28 UTC] PHP   1. {main}() C:\wamp64\www\CORE-MBOCW-CESS\dashboard\save-project.php:0
[19-Aug-2025 06:09:28 UTC] PHP Warning:  Undefined array key "project_address" in C:\wamp64\www\CORE-MBOCW-CESS\dashboard\save-project.php on line 28
[19-Aug-2025 06:09:28 UTC] PHP Stack trace:
[19-Aug-2025 06:09:28 UTC] PHP   1. {main}() C:\wamp64\www\CORE-MBOCW-CESS\dashboard\save-project.php:0
[19-Aug-2025 06:09:28 UTC] PHP Warning:  Undefined array key "work_order_number" in C:\wamp64\www\CORE-MBOCW-CESS\dashboard\save-project.php on line 34
[19-Aug-2025 06:09:28 UTC] PHP Stack trace:
[19-Aug-2025 06:09:28 UTC] PHP   1. {main}() C:\wamp64\www\CORE-MBOCW-CESS\dashboard\save-project.php:0
[19-Aug-2025 06:09:28 UTC] PHP Warning:  Undefined array key "work_order_date" in C:\wamp64\www\CORE-MBOCW-CESS\dashboard\save-project.php on line 35
[19-Aug-2025 06:09:28 UTC] PHP Stack trace:
[19-Aug-2025 06:09:28 UTC] PHP   1. {main}() C:\wamp64\www\CORE-MBOCW-CESS\dashboard\save-project.php:0
[19-Aug-2025 06:09:28 UTC] PHP Warning:  Undefined array key "work_order_amount" in C:\wamp64\www\CORE-MBOCW-CESS\dashboard\save-project.php on line 36
[19-Aug-2025 06:09:28 UTC] PHP Stack trace:
[19-Aug-2025 06:09:28 UTC] PHP   1. {main}() C:\wamp64\www\CORE-MBOCW-CESS\dashboard\save-project.php:0
[19-Aug-2025 06:09:28 UTC] PHP Warning:  Undefined array key "work_order_cess_amount" in C:\wamp64\www\CORE-MBOCW-CESS\dashboard\save-project.php on line 38
[19-Aug-2025 06:09:28 UTC] PHP Stack trace:
[19-Aug-2025 06:09:28 UTC] PHP   1. {main}() C:\wamp64\www\CORE-MBOCW-CESS\dashboard\save-project.php:0
[19-Aug-2025 06:09:28 UTC] PHP Warning:  Undefined array key "work_order_approval_letter" in C:\wamp64\www\CORE-MBOCW-CESS\dashboard\save-project.php on line 39
[19-Aug-2025 06:09:28 UTC] PHP Stack trace:
[19-Aug-2025 06:09:28 UTC] PHP   1. {main}() C:\wamp64\www\CORE-MBOCW-CESS\dashboard\save-project.php:0
[19-Aug-2025 06:09:28 UTC] PHP Warning:  Undefined array key "work_order_manager_id" in C:\wamp64\www\CORE-MBOCW-CESS\dashboard\save-project.php on line 40
[19-Aug-2025 06:09:28 UTC] PHP Stack trace:
[19-Aug-2025 06:09:28 UTC] PHP   1. {main}() C:\wamp64\www\CORE-MBOCW-CESS\dashboard\save-project.php:0
[19-Aug-2025 06:09:28 UTC] PHP Warning:  Undefined array key "work_order_engineer_id" in C:\wamp64\www\CORE-MBOCW-CESS\dashboard\save-project.php on line 41
[19-Aug-2025 06:09:28 UTC] PHP Stack trace:
[19-Aug-2025 06:09:28 UTC] PHP   1. {main}() C:\wamp64\www\CORE-MBOCW-CESS\dashboard\save-project.php:0
[19-Aug-2025 06:09:28 UTC] PHP Warning:  Undefined array key "work_order_employer_id" in C:\wamp64\www\CORE-MBOCW-CESS\dashboard\save-project.php on line 42
[19-Aug-2025 06:09:28 UTC] PHP Stack trace:
[19-Aug-2025 06:09:28 UTC] PHP   1. {main}() C:\wamp64\www\CORE-MBOCW-CESS\dashboard\save-project.php:0
[19-Aug-2025 06:09:28 UTC] Error in save-project.php: Column 'project_name' cannot be null
[19-Aug-2025 06:09:28 UTC] PHP Warning:  Cannot modify header information - headers already sent by (output started at C:\wamp64\www\CORE-MBOCW-CESS\dashboard\save-project.php:19) in C:\wamp64\www\CORE-MBOCW-CESS\dashboard\save-project.php on line 146
[19-Aug-2025 06:09:28 UTC] PHP Stack trace:
[19-Aug-2025 06:09:28 UTC] PHP   1. {main}() C:\wamp64\www\CORE-MBOCW-CESS\dashboard\save-project.php:0
[19-Aug-2025 06:09:28 UTC] PHP   2. header($header = 'Location: projects.php') C:\wamp64\www\CORE-MBOCW-CESS\dashboard\save-project.php:146
[19-Aug-2025 06:35:21 UTC] Error in save-project.php: Failed to upload file for work order: glpi_selected_module_class_diagram.png
[19-Aug-2025 06:43:31 UTC] Error in save-project.php: Failed to upload file for work order: Bullish EMA.png
